  Application.cpp
E:\tugas\Grafkom\Voxel-Like\Voxel-Like\FinalProject\FinalProject\Application.cpp(139,41): warning C4244: 'argument': conversion from 'double' to 'float', possible loss of data
E:\tugas\Grafkom\Voxel-Like\Voxel-Like\FinalProject\FinalProject\Application.cpp(145,41): warning C4244: 'argument': conversion from 'double' to 'float', possible loss of data
E:\tugas\Grafkom\Voxel-Like\Voxel-Like\FinalProject\FinalProject\Application.cpp(150,41): warning C4244: 'argument': conversion from 'double' to 'float', possible loss of data
E:\tugas\Grafkom\Voxel-Like\Voxel-Like\FinalProject\FinalProject\Application.cpp(155,41): warning C4244: 'argument': conversion from 'double' to 'float', possible loss of data
E:\tugas\Grafkom\Voxel-Like\Voxel-Like\FinalProject\FinalProject\Application.cpp(160,41): warning C4244: 'argument': conversion from 'double' to 'float', possible loss of data
E:\tugas\Grafkom\Voxel-Like\Voxel-Like\FinalProject\FinalProject\Application.cpp(165,42): warning C4244: 'argument': conversion from 'double' to 'float', possible loss of data
E:\tugas\Grafkom\Voxel-Like\Voxel-Like\FinalProject\FinalProject\Application.cpp(170,40): warning C4244: 'argument': conversion from 'double' to 'float', possible loss of data
E:\tugas\Grafkom\Voxel-Like\Voxel-Like\FinalProject\FinalProject\Application.cpp(175,40): warning C4244: 'argument': conversion from 'double' to 'float', possible loss of data
E:\tugas\Grafkom\Voxel-Like\Voxel-Like\FinalProject\FinalProject\Application.cpp(180,41): warning C4244: 'argument': conversion from 'double' to 'float', possible loss of data
E:\tugas\Grafkom\Voxel-Like\Voxel-Like\FinalProject\FinalProject\Application.cpp(185,41): warning C4244: 'argument': conversion from 'double' to 'float', possible loss of data
E:\tugas\Grafkom\Voxel-Like\Voxel-Like\FinalProject\FinalProject\Application.cpp(190,41): warning C4244: 'argument': conversion from 'double' to 'float', possible loss of data
E:\tugas\Grafkom\Voxel-Like\Voxel-Like\FinalProject\FinalProject\Application.cpp(195,41): warning C4244: 'argument': conversion from 'double' to 'float', possible loss of data
E:\tugas\Grafkom\Voxel-Like\Voxel-Like\FinalProject\FinalProject\Application.cpp(476,42): warning C4244: 'argument': conversion from 'double' to 'float', possible loss of data
E:\tugas\Grafkom\Voxel-Like\Voxel-Like\FinalProject\FinalProject\Application.cpp(482,43): warning C4244: 'argument': conversion from 'double' to 'float', possible loss of data
E:\tugas\Grafkom\Voxel-Like\Voxel-Like\FinalProject\FinalProject\Application.cpp(487,42): warning C4244: 'argument': conversion from 'double' to 'float', possible loss of data
E:\tugas\Grafkom\Voxel-Like\Voxel-Like\FinalProject\FinalProject\Application.cpp(493,43): warning C4244: 'argument': conversion from 'double' to 'float', possible loss of data
E:\tugas\Grafkom\Voxel-Like\Voxel-Like\FinalProject\FinalProject\Application.cpp(499,43): warning C4244: 'argument': conversion from 'double' to 'float', possible loss of data
E:\tugas\Grafkom\Voxel-Like\Voxel-Like\FinalProject\FinalProject\Application.cpp(549,30): warning C4305: 'argument': truncation from 'double' to 'float'
E:\tugas\Grafkom\Voxel-Like\Voxel-Like\FinalProject\FinalProject\Application.cpp(573,9): warning C4244: '+=': conversion from 'double' to 'float', possible loss of data
E:\tugas\Grafkom\Voxel-Like\Voxel-Like\FinalProject\FinalProject\Application.cpp(574,11): warning C4244: '+=': conversion from 'double' to 'float', possible loss of data
E:\tugas\Grafkom\Voxel-Like\Voxel-Like\FinalProject\FinalProject\Application.cpp(605,11): warning C4244: '=': conversion from 'double' to 'float', possible loss of data
E:\tugas\Grafkom\Voxel-Like\Voxel-Like\FinalProject\FinalProject\Application.cpp(606,11): warning C4244: '=': conversion from 'double' to 'float', possible loss of data
E:\tugas\Grafkom\Voxel-Like\Voxel-Like\FinalProject\FinalProject\Application.cpp(610,16): warning C4244: 'initializing': conversion from 'double' to 'float', possible loss of data
E:\tugas\Grafkom\Voxel-Like\Voxel-Like\FinalProject\FinalProject\Application.cpp(611,16): warning C4244: 'initializing': conversion from 'double' to 'float', possible loss of data
E:\tugas\Grafkom\Voxel-Like\Voxel-Like\FinalProject\FinalProject\Application.cpp(612,10): warning C4244: '=': conversion from 'double' to 'float', possible loss of data
E:\tugas\Grafkom\Voxel-Like\Voxel-Like\FinalProject\FinalProject\Application.cpp(613,10): warning C4244: '=': conversion from 'double' to 'float', possible loss of data
  Generating code
  0 of 324 functions ( 0.0%) were compiled, the rest were copied from previous compilation.
    0 functions were new in current compilation
    0 functions had inline decision re-evaluated but remain unchanged
  Finished generating code
  FinalProject.vcxproj -> E:\tugas\Grafkom\Voxel-Like\Voxel-Like\FinalProject\Release\FinalProject.exe
